<?xml version="1.0" encoding="UTF-8"?>
<!-- Generated by org.testng.reporters.JUnitXMLReporter -->
<testsuite ignored="3" hostname="DESKTOP-G8O6OG0" failures="0" tests="1" name="Bindu Test" time="21.329" errors="0" timestamp="2025-06-11T21:37:18 IST">
  <testcase classname="com.TestNGDemos.D05LenskartAssignment" name="clickOnScreenGlasses" time="6.15"/>
  <testcase classname="com.TestNGDemos.D05LenskartAssignment" name="clickOnKidsGlasses" time="0.0">
    <ignored/>
  </testcase> <!-- clickOnKidsGlasses -->
  <testcase classname="com.TestNGDemos.D05LenskartAssignment" name="clickOnSunGlasses" time="0.0">
    <ignored/>
  </testcase> <!-- clickOnSunGlasses -->
  <testcase classname="com.TestNGDemos.D05LenskartAssignment" name="clickOnEyeGlasses" time="0.0">
    <ignored/>
  </testcase> <!-- clickOnEyeGlasses -->
</testsuite> <!-- Bindu Test -->
