<?xml version="1.0" encoding="UTF-8"?>
<testng-results ignored="0" total="3" passed="3" failed="0" skipped="0">
  <reporter-output>
  </reporter-output>
  <suite started-at="2025-06-10T22:24:08 IST" name="Default suite" finished-at="2025-06-10T22:24:08 IST" duration-ms="188">
    <groups>
    </groups>
    <test started-at="2025-06-10T22:24:08 IST" name="Default test" finished-at="2025-06-10T22:24:08 IST" duration-ms="188">
      <class name="com.TestNGDemos.D06DataProviderDemo">
        <test-method is-config="true" signature="beforeTest()[pri:0, instance:com.TestNGDemos.D06DataProviderDemo@4c402120]" started-at="2025-06-10T22:24:08 IST" name="beforeTest" finished-at="2025-06-10T22:24:08 IST" duration-ms="41" status="PASS">
          <reporter-output>
          </reporter-output>
        </test-method> <!-- beforeTest -->
        <test-method signature="loginToOHRM(java.lang.Integer,java.lang.String)[pri:0, instance:com.TestNGDemos.D06DataProviderDemo@4c402120]" started-at="2025-06-10T22:24:08 IST" name="loginToOHRM" data-provider="dp" finished-at="2025-06-10T22:24:08 IST" duration-ms="12" status="PASS">
          <params>
            <param index="0">
              <value>
                <![CDATA[1]]>
              </value>
            </param>
            <param index="1">
              <value>
                <![CDATA[a]]>
              </value>
            </param>
          </params>
          <reporter-output>
          </reporter-output>
        </test-method> <!-- loginToOHRM -->
        <test-method signature="loginToOHRM(java.lang.Integer,java.lang.String)[pri:0, instance:com.TestNGDemos.D06DataProviderDemo@4c402120]" started-at="2025-06-10T22:24:08 IST" name="loginToOHRM" data-provider="dp" finished-at="2025-06-10T22:24:08 IST" duration-ms="8" status="PASS">
          <params>
            <param index="0">
              <value>
                <![CDATA[2]]>
              </value>
            </param>
            <param index="1">
              <value>
                <![CDATA[b]]>
              </value>
            </param>
          </params>
          <reporter-output>
          </reporter-output>
        </test-method> <!-- loginToOHRM -->
        <test-method signature="loginToOHRM(java.lang.Integer,java.lang.String)[pri:0, instance:com.TestNGDemos.D06DataProviderDemo@4c402120]" started-at="2025-06-10T22:24:08 IST" name="loginToOHRM" data-provider="dp" finished-at="2025-06-10T22:24:08 IST" duration-ms="5" status="PASS">
          <params>
            <param index="0">
              <value>
                <![CDATA[3]]>
              </value>
            </param>
            <param index="1">
              <value>
                <![CDATA[c]]>
              </value>
            </param>
          </params>
          <reporter-output>
          </reporter-output>
        </test-method> <!-- loginToOHRM -->
        <test-method is-config="true" signature="afterTest()[pri:0, instance:com.TestNGDemos.D06DataProviderDemo@4c402120]" started-at="2025-06-10T22:24:08 IST" name="afterTest" finished-at="2025-06-10T22:24:08 IST" duration-ms="1" status="PASS">
          <reporter-output>
          </reporter-output>
        </test-method> <!-- afterTest -->
      </class> <!-- com.TestNGDemos.D06DataProviderDemo -->
    </test> <!-- Default test -->
  </suite> <!-- Default suite -->
</testng-results>
