<?xml version="1.0" encoding="UTF-8"?>
<testng-results ignored="0" total="1" passed="1" failed="0" skipped="0">
  <reporter-output>
  </reporter-output>
  <suite started-at="2025-06-18T21:02:31 IST" name="Default suite" finished-at="2025-06-18T21:02:32 IST" duration-ms="116">
    <groups>
    </groups>
    <test started-at="2025-06-18T21:02:31 IST" name="Default test" finished-at="2025-06-18T21:02:32 IST" duration-ms="116">
      <class name="com.MyTests.MyClass">
        <test-method is-config="true" signature="beforeTest()[pri:0, instance:com.MyTests.MyClass@75d4a5c2]" started-at="2025-06-18T21:02:31 IST" name="beforeTest" finished-at="2025-06-18T21:02:31 IST" duration-ms="20" status="PASS">
          <reporter-output>
          </reporter-output>
        </test-method> <!-- beforeTest -->
        <test-method signature="myTest()[pri:0, instance:com.MyTests.MyClass@75d4a5c2]" started-at="2025-06-18T21:02:32 IST" name="myTest" finished-at="2025-06-18T21:02:32 IST" duration-ms="12" status="PASS">
          <reporter-output>
          </reporter-output>
        </test-method> <!-- myTest -->
      </class> <!-- com.MyTests.MyClass -->
    </test> <!-- Default test -->
  </suite> <!-- Default suite -->
</testng-results>
