<?xml version="1.0" encoding="UTF-8"?>
<!-- Generated by org.testng.reporters.JUnitReportReporter -->
<testsuite hostname="DESKTOP-G8O6OG0" failures="0" tests="4" name="com.TestNGDemos.D02LaunchOnlineShoping" time="100.109" errors="0" timestamp="2025-06-12T20:28:52 IST" skipped="0">
  <testcase classname="com.TestNGDemos.D02LaunchOnlineShoping" name="launchLenskart" time="25.096"/>
  <testcase classname="com.TestNGDemos.D02LaunchOnlineShoping" name="launchAmazon" time="25.215"/>
  <testcase classname="com.TestNGDemos.D02LaunchOnlineShoping" name="launchMyntra" time="24.727"/>
  <testcase classname="com.TestNGDemos.D02LaunchOnlineShoping" name="launchFlipkart" time="25.071"/>
</testsuite> <!-- com.TestNGDemos.D02LaunchOnlineShoping -->
