<?xml version="1.0" encoding="UTF-8"?>
<!-- Generated by org.testng.reporters.JUnitReportReporter -->
<testsuite hostname="DESKTOP-G8O6OG0" failures="0" tests="5" name="com.TestNGDemos.D13CreateLoginFile" time="0.114" errors="0" timestamp="2025-06-13T22:03:49 IST" skipped="0">
  <testcase classname="com.TestNGDemos.D13CreateLoginFile" name="createLoginFile" time="0.027"/>
  <testcase classname="com.TestNGDemos.D13CreateLoginFile" name="createLoginFile" time="0.021"/>
  <testcase classname="com.TestNGDemos.D13CreateLoginFile" name="createLoginFile" time="0.006"/>
  <testcase classname="com.TestNGDemos.D13CreateLoginFile" name="createLoginFile" time="0.005"/>
  <testcase classname="com.TestNGDemos.D13CreateLoginFile" name="createLoginFile" time="0.055"/>
</testsuite> <!-- com.TestNGDemos.D13CreateLoginFile -->
