<?xml version="1.0" encoding="UTF-8"?>
<!-- Generated by org.testng.reporters.JUnitReportReporter -->
<testsuite hostname="DESKTOP-G8O6OG0" failures="0" tests="4" name="com.TestNGDemos.D04Before_After_Method" time="22.257" errors="0" timestamp="2025-06-10T21:32:27 IST" skipped="0">
  <testcase classname="com.TestNGDemos.D04Before_After_Method" name="launchLenskart" time="0.955"/>
  <testcase classname="com.TestNGDemos.D04Before_After_Method" name="launchAmazon" time="10.727"/>
  <testcase classname="com.TestNGDemos.D04Before_After_Method" name="launchMyntra" time="6.818"/>
  <testcase classname="com.TestNGDemos.D04Before_After_Method" name="launchFlipkart" time="3.757"/>
</testsuite> <!-- com.TestNGDemos.D04Before_After_Method -->
