<?xml version="1.0" encoding="UTF-8"?>
<!-- Generated by org.testng.reporters.JUnitReportReporter -->
<testsuite hostname="DESKTOP-G8O6OG0" failures="0" tests="6" name="com.TestNGDemos.D15LoginToOHRM_DDF" time="15.531" errors="0" timestamp="2025-06-17T21:20:37 IST" skipped="0">
  <testcase classname="com.TestNGDemos.D15LoginToOHRM_DDF" name="loginToOHRM" time="1.112"/>
  <testcase classname="com.TestNGDemos.D15LoginToOHRM_DDF" name="loginToOHRM" time="3.106"/>
  <testcase classname="com.TestNGDemos.D15LoginToOHRM_DDF" name="loginToOHRM" time="4.271"/>
  <testcase classname="com.TestNGDemos.D15LoginToOHRM_DDF" name="loginToOHRM" time="4.028"/>
  <testcase classname="com.TestNGDemos.D15LoginToOHRM_DDF" name="loginToOHRM" time="2.309"/>
  <testcase classname="com.TestNGDemos.D15LoginToOHRM_DDF" name="loginToOHRM" time="0.705"/>
</testsuite> <!-- com.TestNGDemos.D15LoginToOHRM_DDF -->
