<?xml version="1.0" encoding="UTF-8"?>
<!-- Generated by org.testng.reporters.JUnitReportReporter -->
<testsuite hostname="DESKTOP-G8O6OG0" failures="0" tests="4" name="com.TestNGDemos.D02LaunchOnlineShoping" time="128.465" errors="0" timestamp="2025-06-11T22:16:27 IST" skipped="0">
  <testcase classname="com.TestNGDemos.D02LaunchOnlineShoping" name="launchLenskart" time="32.822"/>
  <testcase classname="com.TestNGDemos.D02LaunchOnlineShoping" name="launchAmazon" time="30.753"/>
  <testcase classname="com.TestNGDemos.D02LaunchOnlineShoping" name="launchMyntra" time="33.580"/>
  <testcase classname="com.TestNGDemos.D02LaunchOnlineShoping" name="launchFlipkart" time="31.310"/>
</testsuite> <!-- com.TestNGDemos.D02LaunchOnlineShoping -->
