<?xml version="1.0" encoding="UTF-8"?>
<!-- Generated by org.testng.reporters.JUnitReportReporter -->
<testsuite hostname="DESKTOP-G8O6OG0" failures="0" tests="10" name="com.Assignments.DataProviderDemo1" time="0.045" errors="0" timestamp="2025-06-12T20:15:06 IST" skipped="0">
  <testcase classname="com.Assignments.DataProviderDemo1" name="f" time="0.004"/>
  <testcase classname="com.Assignments.DataProviderDemo1" name="login" time="0.005"/>
  <testcase classname="com.Assignments.DataProviderDemo1" name="login" time="0.003"/>
  <testcase classname="com.Assignments.DataProviderDemo1" name="f" time="0.004"/>
  <testcase classname="com.Assignments.DataProviderDemo1" name="login" time="0.001"/>
  <testcase classname="com.Assignments.DataProviderDemo1" name="f" time="0.012"/>
  <testcase classname="com.Assignments.DataProviderDemo1" name="f" time="0.008"/>
  <testcase classname="com.Assignments.DataProviderDemo1" name="login" time="0.002"/>
  <testcase classname="com.Assignments.DataProviderDemo1" name="f" time="0.003"/>
  <testcase classname="com.Assignments.DataProviderDemo1" name="login" time="0.003"/>
</testsuite> <!-- com.Assignments.DataProviderDemo1 -->
