<?xml version="1.0" encoding="UTF-8"?>
<!-- Generated by org.testng.reporters.JUnitXMLReporter -->
<testsuite ignored="0" hostname="DESKTOP-G8O6OG0" failures="0" tests="4" name="My Test" time="33.685" errors="0" timestamp="2025-06-11T22:16:26 IST">
  <testcase classname="com.TestNGDemos.D02LaunchOnlineShoping" name="launchAmazon" time="30.753"/>
  <testcase classname="com.TestNGDemos.D02LaunchOnlineShoping" name="launchFlipkart" time="31.31"/>
  <testcase classname="com.TestNGDemos.D02LaunchOnlineShoping" name="launchLenskart" time="32.822"/>
  <testcase classname="com.TestNGDemos.D02LaunchOnlineShoping" name="launchMyntra" time="33.58"/>
</testsuite> <!-- My Test -->
