<?xml version="1.0" encoding="UTF-8"?>
<!-- Generated by org.testng.reporters.JUnitXMLReporter -->
<testsuite ignored="1" hostname="DESKTOP-G8O6OG0" failures="0" tests="3" name="Default test" time="37.949" errors="0" timestamp="2025-06-11T21:19:01 IST">
  <testcase classname="com.TestNGDemos.D05LenskartAssignment" name="clickOnEyeGlasses" time="6.257"/>
  <testcase classname="com.TestNGDemos.D05LenskartAssignment" name="clickOnScreenGlasses" time="4.724"/>
  <testcase classname="com.TestNGDemos.D05LenskartAssignment" name="clickOnSunGlasses" time="4.982"/>
  <testcase classname="com.TestNGDemos.D05LenskartAssignment" name="clickOnKidsGlasses" time="0.0">
    <ignored/>
  </testcase> <!-- clickOnKidsGlasses -->
</testsuite> <!-- Default test -->
