<?xml version="1.0" encoding="UTF-8"?>
<!-- Generated by org.testng.reporters.JUnitReportReporter -->
<testsuite hostname="DESKTOP-G8O6OG0" failures="0" tests="3" name="com.MyTests.D04ForDataProviderDemo" time="0.022" errors="0" timestamp="2025-06-18T21:00:56 IST" skipped="0">
  <testcase classname="com.MyTests.D04ForDataProviderDemo" name="myTest" time="0.004"/>
  <testcase classname="com.MyTests.D04ForDataProviderDemo" name="myTest" time="0.009"/>
  <testcase classname="com.MyTests.D04ForDataProviderDemo" name="myTest" time="0.009"/>
</testsuite> <!-- com.MyTests.D04ForDataProviderDemo -->
