<?xml version="1.0" encoding="UTF-8"?>
<!-- Generated by org.testng.reporters.JUnitXMLReporter -->
<testsuite ignored="2" hostname="DESKTOP-G8O6OG0" failures="0" tests="2" name="My Test" time="27.298" errors="0" timestamp="2025-06-11T22:09:45 IST">
  <testcase classname="com.TestNGDemos.D05LenskartAssignment" name="clickOnEyeGlasses" time="6.229"/>
  <testcase classname="com.TestNGDemos.D05LenskartAssignment" name="clickOnScreenGlasses" time="4.484"/>
  <testcase classname="com.TestNGDemos.D05LenskartAssignment" name="clickOnSunGlasses" time="0.0">
    <ignored/>
  </testcase> <!-- clickOnSunGlasses -->
  <testcase classname="com.TestNGDemos.D05LenskartAssignment" name="clickOnKidsGlasses" time="0.0">
    <ignored/>
  </testcase> <!-- clickOnKidsGlasses -->
</testsuite> <!-- My Test -->
